1158  :  286432  :  286432
1449  :  201808  :  201808
856  :  72204  :  72204
1386  :  61508  :  61508
1790  :  51752  :  51752
909  :  37060  :  37060
678  :  35980  :  35980
1218  :  34304  :  34304
2060  :  33716  :  33716
1327  :  33288  :  33288
1354  :  31980  :  31980
1259  :  31428  :  31428
1329  :  31184  :  31184
1322  :  31104  :  31104
1326  :  30188  :  30188
1220  :  30136  :  30136
1274  :  30052  :  30052
1350  :  29944  :  29944
1297  :  27692  :  27692
268  :  27564  :  27564
1252  :  25852  :  25852
841  :  24840  :  24840
1600  :  23816  :  23816
733  :  23312  :  23312
1241  :  21920  :  21920
651  :  21588  :  21588
668  :  20288  :  20288
839  :  18936  :  18936
1323  :  17564  :  17564
1144  :  17524  :  17524
1463  :  16644  :  16644
2800  :  16612  :  16612
783  :  16084  :  16084
976  :  15968  :  15968
1439  :  15376  :  15376
686  :  14340  :  14340
612  :  13344  :  13344
1337  :  13228  :  13228
669  :  13044  :  13044
723  :  12776  :  12776
1340  :  12020  :  12020
877  :  12016  :  12016
948  :  11832  :  11832
1  :  11528  :  11528
1343  :  11464  :  11464
1330  :  11288  :  11288
1353  :  11196  :  11196
738  :  11052  :  11052
1309  :  10908  :  10908
833  :  10380  :  10380
1213  :  10252  :  10252
1325  :  10048  :  10048
960  :  9716  :  9716
1347  :  9568  :  9568
1102  :  9540  :  9540
640  :  9456  :  9456
1319  :  9428  :  9428
764  :  9392  :  9392
1217  :  9376  :  9376
1222  :  9368  :  9368
1387  :  9364  :  9364
646  :  9032  :  9032
895  :  8940  :  8940
869  :  8868  :  8868
747  :  8676  :  8676
684  :  8500  :  8500
1235  :  7892  :  7892
864  :  7792  :  7792
616  :  7536  :  7536
953  :  7228  :  7228
312  :  7196  :  7196
844  :  7184  :  7184
1380  :  7036  :  7036
1490  :  6764  :  6764
901  :  6656  :  6656
680  :  6552  :  6552
849  :  6520  :  6520
905  :  6508  :  6508
1331  :  6504  :  6504
687  :  6400  :  6400
2045  :  6396  :  6396
1239  :  6264  :  6264
1336  :  6172  :  6172
649  :  6080  :  6080
1273  :  5492  :  5492
834  :  5400  :  5400
1137  :  5276  :  5276
852  :  5216  :  5216
677  :  5124  :  5124
1798  :  5020  :  5020
1946  :  4856  :  4856
1107  :  4348  :  4348
1972  :  3964  :  3964
644  :  3904  :  3904
659  :  3704  :  3704
5967  :  3420  :  3420
848  :  3244  :  3244
645  :  3024  :  3024
784  :  2408  :  2408
792  :  2384  :  2384
641  :  1896  :  1896
1070  :  1540  :  1540
694  :  1344  :  1344
9  :  0  :  0
83  :  0  :  0
7  :  0  :  0
6  :  0  :  0
54  :  0  :  0
53  :  0  :  0
52  :  0  :  0
51  :  0  :  0
50  :  0  :  0
49  :  0  :  0
4858  :  0  :  0
48  :  0  :  0
47  :  0  :  0
46  :  0  :  0
45  :  0  :  0
44  :  0  :  0
42  :  0  :  0
41  :  0  :  0
40  :  0  :  0
4  :  0  :  0
39  :  0  :  0
38  :  0  :  0
364  :  0  :  0
360  :  0  :  0
36  :  0  :  0
358  :  0  :  0
357  :  0  :  0
3561  :  0  :  0
3560  :  0  :  0
3559  :  0  :  0
3558  :  0  :  0
3557  :  0  :  0
3556  :  0  :  0
3555  :  0  :  0
3554  :  0  :  0
3551  :  0  :  0
3550  :  0  :  0
3549  :  0  :  0
35  :  0  :  0
345  :  0  :  0
344  :  0  :  0
34  :  0  :  0
337  :  0  :  0
33  :  0  :  0
322  :  0  :  0
320  :  0  :  0
32  :  0  :  0
319  :  0  :  0
315  :  0  :  0
314  :  0  :  0
309  :  0  :  0
303  :  0  :  0
301  :  0  :  0
300  :  0  :  0
30  :  0  :  0
3  :  0  :  0
298  :  0  :  0
29  :  0  :  0
28  :  0  :  0
2705  :  0  :  0
27  :  0  :  0
26  :  0  :  0
24  :  0  :  0
23  :  0  :  0
229  :  0  :  0
228  :  0  :  0
227  :  0  :  0
2257  :  0  :  0
2252  :  0  :  0
225  :  0  :  0
22  :  0  :  0
21  :  0  :  0
207  :  0  :  0
206  :  0  :  0
205  :  0  :  0
2036  :  0  :  0
203  :  0  :  0
20  :  0  :  0
2  :  0  :  0
199  :  0  :  0
198  :  0  :  0
197  :  0  :  0
191  :  0  :  0
18  :  0  :  0
17  :  0  :  0
16  :  0  :  0
155  :  0  :  0
154  :  0  :  0
153  :  0  :  0
15  :  0  :  0
140  :  0  :  0
14  :  0  :  0
137  :  0  :  0
13  :  0  :  0
128  :  0  :  0
126  :  0  :  0
124  :  0  :  0
123  :  0  :  0
122  :  0  :  0
121  :  0  :  0
120  :  0  :  0
12  :  0  :  0
119  :  0  :  0
117  :  0  :  0
116  :  0  :  0
113  :  0  :  0
110  :  0  :  0
11  :  0  :  0
109  :  0  :  0
108  :  0  :  0
107  :  0  :  0
106  :  0  :  0
105  :  0  :  0
104  :  0  :  0
103  :  0  :  0
102  :  0  :  0
10  :  0  :  0
